This is pdfTeX, Version 3.14159265-2.6-1.40.21 (MiKTeX 2.9.7350 64-bit) (preloaded format=pdflatex 2020.4.15)  14 MAY 2020 11:42
entering extended mode
**./main.tex
(main.tex
LaTeX2e <2020-02-02> patch level 5
L3 programming layer <2020-03-06> (template/preamble.tex
("C:\Users\user\AppData\Local\Programs\MiKTeX 2.9\tex/latex/koma-script\scrbook
.cls"
Document Class: scrbook 2020/01/24 v3.29 KOMA-Script document class (book)

("C:\Users\user\AppData\Local\Programs\MiKTeX 2.9\tex/latex/koma-script\scrkbas
e.sty"
Package: scrkbase 2020/01/24 v3.29 KOMA-Script package (KOMA-Script-dependent b
asics and keyval usage)

("C:\Users\user\AppData\Local\Programs\MiKTeX 2.9\tex/latex/koma-script\scrbase
.sty"
Package: scrbase 2020/01/24 v3.29 KOMA-Script package (KOMA-Script-independent 
basics and keyval usage)

("C:\Users\user\AppData\Local\Programs\MiKTeX 2.9\tex/latex/graphics\keyval.sty
"
Package: keyval 2014/10/28 v1.15 key=value parser (DPC)
\KV@toks@=\toks15
)
("C:\Users\user\AppData\Local\Programs\MiKTeX 2.9\tex/latex/koma-script\scrlfil
e.sty"
Package: scrlfile 2020/01/24 v3.29 KOMA-Script package (loading files)
)))
("C:\Users\user\AppData\Local\Programs\MiKTeX 2.9\tex/latex/koma-script\tocbasi
c.sty"
Package: tocbasic 2020/01/24 v3.29 KOMA-Script package (handling toc-files)
\scr@dte@tocline@numberwidth=\skip47
\scr@dte@tocline@numbox=\box45
)
Package tocbasic Info: omitting babel extension for `toc'
(tocbasic)             because of feature `nobabel' available
(tocbasic)             for `toc' on input line 137.
Class scrbook Info: File `scrsize12pt.clo' used to setup font sizes on input li
ne 2424.

("C:\Users\user\AppData\Local\Programs\MiKTeX 2.9\tex/latex/koma-script\scrsize
12pt.clo"
File: scrsize12pt.clo 2020/01/24 v3.29 KOMA-Script font size class option (12pt
)
)
("C:\Users\user\AppData\Local\Programs\MiKTeX 2.9\tex/latex/koma-script\typeare
a.sty"
Package: typearea 2020/01/24 v3.29 KOMA-Script package (type area)
\ta@bcor=\skip48
\ta@div=\count167
\ta@hblk=\skip49
\ta@vblk=\skip50
\ta@temp=\skip51
\footheight=\skip52

DIV calculation for typearea with good linewidth.
Package typearea Info: These are the values describing the layout:
(typearea)             DIV  = 9
(typearea)             BCOR = 0.0pt
(typearea)             \paperwidth      = 597.50793pt
(typearea)              \textwidth      = 398.33862pt
(typearea)              DIV departure   = 0%
(typearea)              \evensidemargin = 60.50955pt
(typearea)              \oddsidemargin  = -5.88022pt
(typearea)             \paperheight     = 845.04694pt
(typearea)              \textheight     = 534.0pt
(typearea)              \topmargin      = 21.62411pt
(typearea)              \headheight     = 18.125pt
(typearea)              \headsep        = 21.75pt
(typearea)              \topskip        = 12.0pt
(typearea)              \footskip       = 50.75pt
(typearea)              \baselineskip   = 14.5pt
(typearea)              on input line 1719.
)
\c@part=\count168
\c@chapter=\count169
\c@section=\count170
\c@subsection=\count171
\c@subsubsection=\count172
\c@paragraph=\count173
\c@subparagraph=\count174
\scr@dte@chapter@maxnumwidth=\skip53
Class scrbook Info: using compatibility default `afterindent=bysign'
(scrbook)           for `\chapter on input line 5545.
\scr@dte@section@maxnumwidth=\skip54
Class scrbook Info: using compatibility default `runin=bysign'
(scrbook)           for `\section on input line 5555.
Class scrbook Info: using compatibility default `afterindent=bysign'
(scrbook)           for `\section on input line 5555.
\scr@dte@part@maxnumwidth=\skip55
Class scrbook Info: using compatibility default `afterindent=true'
(scrbook)           for `\part on input line 5564.
\scr@dte@subsection@maxnumwidth=\skip56
Class scrbook Info: using compatibility default `runin=bysign'
(scrbook)           for `\subsection on input line 5574.
Class scrbook Info: using compatibility default `afterindent=bysign'
(scrbook)           for `\subsection on input line 5574.
\scr@dte@subsubsection@maxnumwidth=\skip57
Class scrbook Info: using compatibility default `runin=bysign'
(scrbook)           for `\subsubsection on input line 5584.
Class scrbook Info: using compatibility default `afterindent=bysign'
(scrbook)           for `\subsubsection on input line 5584.
\scr@dte@paragraph@maxnumwidth=\skip58
Class scrbook Info: using compatibility default `runin=bysign'
(scrbook)           for `\paragraph on input line 5594.
Class scrbook Info: using compatibility default `afterindent=bysign'
(scrbook)           for `\paragraph on input line 5594.
\scr@dte@subparagraph@maxnumwidth=\skip59
Class scrbook Info: using compatibility default `runin=bysign'
(scrbook)           for `\subparagraph on input line 5604.
Class scrbook Info: using compatibility default `afterindent=bysign'
(scrbook)           for `\subparagraph on input line 5604.
\abovecaptionskip=\skip60
\belowcaptionskip=\skip61
\c@pti@nb@sid@b@x=\box46
Package tocbasic Info: omitting babel extension for `lof'
(tocbasic)             because of feature `nobabel' available
(tocbasic)             for `lof' on input line 6846.
\scr@dte@figure@maxnumwidth=\skip62
\c@figure=\count175
Package tocbasic Info: omitting babel extension for `lot'
(tocbasic)             because of feature `nobabel' available
(tocbasic)             for `lot' on input line 6867.
\scr@dte@table@maxnumwidth=\skip63
\c@table=\count176
Class scrbook Info: Redefining `\numberline' on input line 7040.
\bibindent=\dimen134
) ("C:\Users\user\AppData\Local\Programs\MiKTeX 2.9\tex/latex/base\inputenc.sty
"
Package: inputenc 2018/08/11 v1.3c Input encoding file
\inpenc@prehook=\toks16
\inpenc@posthook=\toks17
)
("C:\Users\user\AppData\Local\Programs\MiKTeX 2.9\tex/latex/base\textcomp.sty"
Package: textcomp 2020/02/02 v2.0n Standard LaTeX package
) ("C:\Users\user\AppData\Local\Programs\MiKTeX 2.9\tex/generic/babel\babel.sty
"
Package: babel 2020/02/28 3.41 The Babel package
("C:\Users\user\AppData\Local\Programs\MiKTeX 2.9\tex/generic/babel\switch.def"
File: switch.def 2020/02/28 3.41 Babel switching mechanism
)
*************************************
* Local config file bblopts.cfg used
*
("C:\Users\user\AppData\Local\Programs\MiKTeX 2.9\tex/latex/arabi\bblopts.cfg"
File: bblopts.cfg 2005/09/08 v0.1 add Arabic and Farsi to "declared" options of
 babel
)
("C:\Users\user\AppData\Local\Programs\MiKTeX 2.9\tex/latex/babel-german\ngerma
n.ldf"
Language: ngerman 2018/12/08 v2.11 German support for babel (post-1996 orthogra
phy)

("C:\Users\user\AppData\Local\Programs\MiKTeX 2.9\tex/latex/babel-german\ngerma
nb.ldf"
Language: ngermanb 2018/12/08 v2.11 German support for babel (post-1996 orthogr
aphy)

("C:\Users\user\AppData\Local\Programs\MiKTeX 2.9\tex/generic/babel\babel.def"
File: babel.def 2020/02/28 3.41 Babel common definitions
\babel@savecnt=\count177
\U@D=\dimen135

("C:\Users\user\AppData\Local\Programs\MiKTeX 2.9\tex/generic/babel\txtbabel.de
f")
\bbl@readstream=\read2
\bbl@dirlevel=\count178
)
Package babel Info: Making " an active character on input line 121.
))
("C:\Users\user\AppData\Local\Programs\MiKTeX 2.9\tex/latex/babel-english\engli
sh.ldf"
Language: english 2017/06/06 v3.3r English support from the babel system
Package babel Info: \l@canadian = using hyphenrules for english
(babel)             (\language0) on input line 102.
Package babel Info: \l@australian = using hyphenrules for ukenglish
(babel)             (\language72) on input line 105.
Package babel Info: \l@newzealand = using hyphenrules for ukenglish
(babel)             (\language72) on input line 108.
))
("C:\Users\user\AppData\Local\Programs\MiKTeX 2.9\tex/latex/koma-script\scrlaye
r-scrpage.sty"
Package: scrlayer-scrpage 2020/01/24 v3.29 KOMA-Script package (end user interf
ace for scrlayer)

("C:\Users\user\AppData\Local\Programs\MiKTeX 2.9\tex/latex/koma-script\scrlaye
r.sty"
Package: scrlayer 2020/01/24 v3.29 KOMA-Script package (defining layers and pag
e styles)
Package scrlayer Info: Using already defined \footheight
(scrlayer)             hoping, that this is a length and
(scrlayer)             not only a macro on input line 109.
Package scrlayer Info: patching LaTeX kernel macro \pagestyle on input line 210
6.
)
Package scrlayer-scrpage Info: Makeing stand-alone element `pagehead' from
(scrlayer-scrpage)             alias to `pageheadfoot' on input line 1244.
Package scrlayer-scrpage Info: deactivating warning for font element
(scrlayer-scrpage)             `pagefoot' on input line 1271.
)
Package scrlayer-scrpage Info: auto-selection of `pagestyleset=KOMA-Script'.

("C:\Users\user\AppData\Local\Programs\MiKTeX 2.9\tex/latex/biblatex\biblatex.s
ty"
Package: biblatex 2019/12/01 v3.14 programmable bibliographies (PK/MW)

("C:\Users\user\AppData\Local\Programs\MiKTeX 2.9\tex/latex/pdftexcmds\pdftexcm
ds.sty"
Package: pdftexcmds 2019/11/24 v0.31 Utility functions of pdfTeX for LuaTeX (HO
)

("C:\Users\user\AppData\Local\Programs\MiKTeX 2.9\tex/generic/infwarerr\infware
rr.sty"
Package: infwarerr 2019/12/03 v1.5 Providing info/warning/error messages (HO)
)
("C:\Users\user\AppData\Local\Programs\MiKTeX 2.9\tex/generic/iftex\iftex.sty"
Package: iftex 2020/03/06 v1.0d TeX engine tests
)
("C:\Users\user\AppData\Local\Programs\MiKTeX 2.9\tex/generic/ltxcmds\ltxcmds.s
ty"
Package: ltxcmds 2019/12/15 v1.24 LaTeX kernel commands for general use (HO)
)
Package pdftexcmds Info: \pdf@primitive is available.
Package pdftexcmds Info: \pdf@ifprimitive is available.
Package pdftexcmds Info: \pdfdraftmode found.
)
("C:\Users\user\AppData\Local\Programs\MiKTeX 2.9\tex/latex/etoolbox\etoolbox.s
ty"
Package: etoolbox 2019/09/21 v2.5h e-TeX tools for LaTeX (JAW)
\etb@tempcnta=\count179
)
("C:\Users\user\AppData\Local\Programs\MiKTeX 2.9\tex/latex/kvoptions\kvoptions
.sty"
Package: kvoptions 2019/11/29 v3.13 Key value format for package options (HO)

("C:\Users\user\AppData\Local\Programs\MiKTeX 2.9\tex/generic/kvsetkeys\kvsetke
ys.sty"
Package: kvsetkeys 2019/12/15 v1.18 Key value parser (HO)
))
("C:\Users\user\AppData\Local\Programs\MiKTeX 2.9\tex/latex/logreq\logreq.sty"
Package: logreq 2010/08/04 v1.0 xml request logger
\lrq@indent=\count180

("C:\Users\user\AppData\Local\Programs\MiKTeX 2.9\tex/latex/logreq\logreq.def"
File: logreq.def 2010/08/04 v1.0 logreq spec v1.0
)) ("C:\Users\user\AppData\Local\Programs\MiKTeX 2.9\tex/latex/base\ifthen.sty"
Package: ifthen 2014/09/29 v1.1c Standard LaTeX ifthen package (DPC)
) ("C:\Users\user\AppData\Local\Programs\MiKTeX 2.9\tex/latex/url\url.sty"
\Urlmuskip=\muskip16
Package: url 2013/09/16  ver 3.4  Verb mode for urls, etc.
)
\c@tabx@nest=\count181
\c@listtotal=\count182
\c@listcount=\count183
\c@liststart=\count184
\c@liststop=\count185
\c@citecount=\count186
\c@citetotal=\count187
\c@multicitecount=\count188
\c@multicitetotal=\count189
\c@instcount=\count190
\c@maxnames=\count191
\c@minnames=\count192
\c@maxitems=\count193
\c@minitems=\count194
\c@citecounter=\count195
\c@maxcitecounter=\count196
\c@savedcitecounter=\count197
\c@uniquelist=\count198
\c@uniquename=\count199
\c@refsection=\count266
\c@refsegment=\count267
\c@maxextratitle=\count268
\c@maxextratitleyear=\count269
\c@maxextraname=\count270
\c@maxextradate=\count271
\c@maxextraalpha=\count272
\c@abbrvpenalty=\count273
\c@highnamepenalty=\count274
\c@lownamepenalty=\count275
\c@maxparens=\count276
\c@parenlevel=\count277
\blx@tempcnta=\count278
\blx@tempcntb=\count279
\blx@tempcntc=\count280
\blx@maxsection=\count281
\blx@maxsegment@0=\count282
\blx@notetype=\count283
\blx@parenlevel@text=\count284
\blx@parenlevel@foot=\count285
\blx@sectionciteorder@0=\count286
\blx@entrysetcounter=\count287
\labelnumberwidth=\skip64
\labelalphawidth=\skip65
\biblabelsep=\skip66
\bibitemsep=\skip67
\bibnamesep=\skip68
\bibinitsep=\skip69
\bibparsep=\skip70
\bibhang=\skip71
\blx@bcfin=\read3
\blx@bcfout=\write3
\blx@langwohyphens=\language78
\c@mincomprange=\count288
\c@maxcomprange=\count289
\c@mincompwidth=\count290
Package biblatex Info: Trying to load biblatex default data model...
Package biblatex Info: ... file 'blx-dm.def' found.

("C:\Users\user\AppData\Local\Programs\MiKTeX 2.9\tex/latex/biblatex\blx-dm.def
"
File: blx-dm.def 2019/12/01 v3.14 biblatex localization (PK/MW)
)
Package biblatex Info: Trying to load biblatex style data model...
Package biblatex Info: ... file 'authoryear.dbx' not found.
Package biblatex Info: Trying to load biblatex custom data model...
Package biblatex Info: ... file 'biblatex-dm.cfg' not found.
\c@afterword=\count291
\c@savedafterword=\count292
\c@annotator=\count293
\c@savedannotator=\count294
\c@author=\count295
\c@savedauthor=\count296
\c@bookauthor=\count297
\c@savedbookauthor=\count298
\c@commentator=\count299
\c@savedcommentator=\count300
\c@editor=\count301
\c@savededitor=\count302
\c@editora=\count303
\c@savededitora=\count304
\c@editorb=\count305
\c@savededitorb=\count306
\c@editorc=\count307
\c@savededitorc=\count308
\c@foreword=\count309
\c@savedforeword=\count310
\c@holder=\count311
\c@savedholder=\count312
\c@introduction=\count313
\c@savedintroduction=\count314
\c@namea=\count315
\c@savednamea=\count316
\c@nameb=\count317
\c@savednameb=\count318
\c@namec=\count319
\c@savednamec=\count320
\c@translator=\count321
\c@savedtranslator=\count322
\c@shortauthor=\count323
\c@savedshortauthor=\count324
\c@shorteditor=\count325
\c@savedshorteditor=\count326
\c@labelname=\count327
\c@savedlabelname=\count328
\c@institution=\count329
\c@savedinstitution=\count330
\c@lista=\count331
\c@savedlista=\count332
\c@listb=\count333
\c@savedlistb=\count334
\c@listc=\count335
\c@savedlistc=\count336
\c@listd=\count337
\c@savedlistd=\count338
\c@liste=\count339
\c@savedliste=\count340
\c@listf=\count341
\c@savedlistf=\count342
\c@location=\count343
\c@savedlocation=\count344
\c@organization=\count345
\c@savedorganization=\count346
\c@origlocation=\count347
\c@savedoriglocation=\count348
\c@origpublisher=\count349
\c@savedorigpublisher=\count350
\c@publisher=\count351
\c@savedpublisher=\count352
\c@language=\count353
\c@savedlanguage=\count354
\c@origlanguage=\count355
\c@savedoriglanguage=\count356
\c@pageref=\count357
\c@savedpageref=\count358
\shorthandwidth=\skip72
\shortjournalwidth=\skip73
\shortserieswidth=\skip74
\shorttitlewidth=\skip75
\shortauthorwidth=\skip76
\shorteditorwidth=\skip77
\locallabelnumberwidth=\skip78
\locallabelalphawidth=\skip79
\localshorthandwidth=\skip80
\localshortjournalwidth=\skip81
\localshortserieswidth=\skip82
\localshorttitlewidth=\skip83
\localshortauthorwidth=\skip84
\localshorteditorwidth=\skip85
Package biblatex Info: Trying to load compatibility code...
Package biblatex Info: ... file 'blx-compat.def' found.

("C:\Users\user\AppData\Local\Programs\MiKTeX 2.9\tex/latex/biblatex\blx-compat
.def"
File: blx-compat.def 2019/12/01 v3.14 biblatex compatibility (PK/MW)
)
Package biblatex Info: Trying to load generic definitions...
Package biblatex Info: ... file 'biblatex.def' found.

("C:\Users\user\AppData\Local\Programs\MiKTeX 2.9\tex/latex/biblatex\biblatex.d
ef"
File: biblatex.def 2019/12/01 v3.14 biblatex compatibility (PK/MW)
\c@textcitecount=\count359
\c@textcitetotal=\count360
\c@textcitemaxnames=\count361
\c@biburlbigbreakpenalty=\count362
\c@biburlbreakpenalty=\count363
\c@biburlnumpenalty=\count364
\c@biburlucpenalty=\count365
\c@biburllcpenalty=\count366
\biburlbigskip=\muskip17
\biburlnumskip=\muskip18
\biburlucskip=\muskip19
\biburllcskip=\muskip20
\c@smartand=\count367
)
Package biblatex Info: Trying to load natbib compatibility...
Package biblatex Info: ... file 'blx-natbib.def' found.

("C:\Users\user\AppData\Local\Programs\MiKTeX 2.9\tex/latex/biblatex\blx-natbib
.def"
File: blx-natbib.def 2019/12/01 v3.14 biblatex compatibility (PK/MW)
Package biblatex Info: Delimiter 'nameyeardelim' in context '' already defined,
 overwriting.
)
Package biblatex Info: Trying to load bibliography style 'authoryear'...
Package biblatex Info: ... file 'authoryear.bbx' found.

("C:\Users\user\AppData\Local\Programs\MiKTeX 2.9\tex/latex/biblatex/bbx\author
year.bbx"
File: authoryear.bbx 2019/12/01 v3.14 biblatex bibliography style (PK/MW)
Package biblatex Info: Trying to load bibliography style 'standard'...
Package biblatex Info: ... file 'standard.bbx' found.

("C:\Users\user\AppData\Local\Programs\MiKTeX 2.9\tex/latex/biblatex/bbx\standa
rd.bbx"
File: standard.bbx 2019/12/01 v3.14 biblatex bibliography style (PK/MW)
\c@bbx:relatedcount=\count368
\c@bbx:relatedtotal=\count369
))
Package biblatex Info: Trying to load citation style 'authoryear'...
Package biblatex Info: ... file 'authoryear.cbx' found.

("C:\Users\user\AppData\Local\Programs\MiKTeX 2.9\tex/latex/biblatex/cbx\author
year.cbx"
File: authoryear.cbx 2019/12/01 v3.14 biblatex citation style (PK/MW)
Package biblatex Info: Redefining '\cite'.
Package biblatex Info: Redefining '\parencite'.
Package biblatex Info: Redefining '\footcite'.
Package biblatex Info: Redefining '\footcitetext'.
Package biblatex Info: Redefining '\smartcite'.
Package biblatex Info: Redefining '\textcite'.
Package biblatex Info: Redefining '\textcites'.
)
Package biblatex Info: Trying to load configuration file...
Package biblatex Info: ... file 'biblatex.cfg' found.

("C:\Users\user\AppData\Local\Programs\MiKTeX 2.9\tex/latex/biblatex\biblatex.c
fg"
File: biblatex.cfg 
))
("C:\Users\user\AppData\Local\Programs\MiKTeX 2.9\tex/latex/graphics\graphicx.s
ty"
Package: graphicx 2019/11/30 v1.2a Enhanced LaTeX Graphics (DPC,SPQR)

("C:\Users\user\AppData\Local\Programs\MiKTeX 2.9\tex/latex/graphics\graphics.s
ty"
Package: graphics 2019/11/30 v1.4a Standard LaTeX Graphics (DPC,SPQR)

("C:\Users\user\AppData\Local\Programs\MiKTeX 2.9\tex/latex/graphics\trig.sty"
Package: trig 2016/01/03 v1.10 sin cos tan (DPC)
)
("C:\Users\user\AppData\Local\Programs\MiKTeX 2.9\tex/latex/graphics-cfg\graphi
cs.cfg"
File: graphics.cfg 2016/06/04 v1.11 sample graphics configuration
)
Package graphics Info: Driver file: pdftex.def on input line 105.

("C:\Users\user\AppData\Local\Programs\MiKTeX 2.9\tex/latex/graphics-def\pdftex
.def"
File: pdftex.def 2018/01/08 v1.0l Graphics/color driver for pdftex
))
\Gin@req@height=\dimen136
\Gin@req@width=\dimen137
)
("C:\Users\user\AppData\Local\Programs\MiKTeX 2.9\tex/latex/psnfss\pifont.sty"
Package: pifont 2020/03/25 PSNFSS-v9.3 Pi font support (SPQR) 
LaTeX Font Info:    Trying to load font information for U+pzd on input line 63.


("C:\Users\user\AppData\Local\Programs\MiKTeX 2.9\tex/latex/psnfss\upzd.fd"
File: upzd.fd 2001/06/04 font definitions for U/pzd.
)
LaTeX Font Info:    Trying to load font information for U+psy on input line 64.


("C:\Users\user\AppData\Local\Programs\MiKTeX 2.9\tex/latex/psnfss\upsy.fd"
File: upsy.fd 2001/06/04 font definitions for U/psy.
))
("C:\Users\user\AppData\Local\Programs\MiKTeX 2.9\tex/latex/tools\xspace.sty"
Package: xspace 2014/10/28 v1.13 Space after command names (DPC,MH)
)
("C:\Users\user\AppData\Local\Programs\MiKTeX 2.9\tex/latex/xcolor\xcolor.sty"
Package: xcolor 2016/05/11 v2.12 LaTeX color extensions (UK)

("C:\Users\user\AppData\Local\Programs\MiKTeX 2.9\tex/latex/graphics-cfg\color.
cfg"
File: color.cfg 2016/01/02 v1.6 sample color configuration
)
Package xcolor Info: Package option `usenames' ignored on input line 216.
Package xcolor Info: Driver file: pdftex.def on input line 225.
Package xcolor Info: Model `cmy' substituted by `cmy0' on input line 1348.
Package xcolor Info: Model `hsb' substituted by `rgb' on input line 1352.
Package xcolor Info: Model `RGB' extended on input line 1364.
Package xcolor Info: Model `HTML' substituted by `rgb' on input line 1366.
Package xcolor Info: Model `Hsb' substituted by `hsb' on input line 1367.
Package xcolor Info: Model `tHsb' substituted by `hsb' on input line 1368.
Package xcolor Info: Model `HSB' substituted by `hsb' on input line 1369.
Package xcolor Info: Model `Gray' substituted by `gray' on input line 1370.
Package xcolor Info: Model `wave' substituted by `hsb' on input line 1371.

("C:\Users\user\AppData\Local\Programs\MiKTeX 2.9\tex/latex/graphics\dvipsnam.d
ef"
File: dvipsnam.def 2016/06/17 v3.0m Driver-dependent file (DPC,SPQR)
)) ("C:\Users\user\AppData\Local\Programs\MiKTeX 2.9\tex/latex/ulem\ulem.sty"
\UL@box=\box47
\UL@hyphenbox=\box48
\UL@skip=\skip86
\UL@hook=\toks18
\UL@height=\dimen138
\UL@pe=\count370
\UL@pixel=\dimen139
\ULC@box=\box49
Package: ulem 2019/11/18
\ULdepth=\dimen140
) ("C:\Users\user\AppData\Local\Programs\MiKTeX 2.9\tex/latex/framed\framed.sty
"
Package: framed 2011/10/22 v 0.96: framed or shaded text with page breaks
\OuterFrameSep=\skip87
\fb@frw=\dimen141
\fb@frh=\dimen142
\FrameRule=\dimen143
\FrameSep=\dimen144
)
("C:\Users\user\AppData\Local\Programs\MiKTeX 2.9\tex/latex/eso-pic\eso-pic.sty
"
Package: eso-pic 2018/04/12 v2.0h eso-pic (RN)

("C:\Users\user\AppData\Local\Programs\MiKTeX 2.9\tex/generic/atbegshi\atbegshi
.sty"
Package: atbegshi 2019/12/05 v1.19 At begin shipout hook (HO)
))
("C:\Users\user\AppData\Local\Programs\MiKTeX 2.9\tex/latex/enumitem\enumitem.s
ty"
Package: enumitem 2019/06/20 v3.9 Customized lists
\labelindent=\skip88
\enit@outerparindent=\dimen145
\enit@toks=\toks19
\enit@inbox=\box50
\enit@count@id=\count371
\enitdp@description=\count372
)
("C:\Users\user\AppData\Local\Programs\MiKTeX 2.9\tex/latex/todonotes\todonotes
.sty"
Package: todonotes 2019/01/24 v1.1.2 Todonotes source and documentation.
Package: todonotes 2018/11/22

("C:\Users\user\AppData\Local\Programs\MiKTeX 2.9\tex/latex/xkeyval\xkeyval.sty
"
Package: xkeyval 2014/12/03 v2.7a package option processing (HA)

("C:\Users\user\AppData\Local\Programs\MiKTeX 2.9\tex/generic/xkeyval\xkeyval.t
ex"
("C:\Users\user\AppData\Local\Programs\MiKTeX 2.9\tex/generic/xkeyval\xkvutils.
tex"
\XKV@toks=\toks20
\XKV@tempa@toks=\toks21
)
\XKV@depth=\count373
File: xkeyval.tex 2014/12/03 v2.7a key=value parser (HA)
))
("C:\Users\user\AppData\Local\Programs\MiKTeX 2.9\tex/latex/pgf/frontendlayer\t
ikz.sty"
("C:\Users\user\AppData\Local\Programs\MiKTeX 2.9\tex/latex/pgf/basiclayer\pgf.
sty"
("C:\Users\user\AppData\Local\Programs\MiKTeX 2.9\tex/latex/pgf/utilities\pgfrc
s.sty"
("C:\Users\user\AppData\Local\Programs\MiKTeX 2.9\tex/generic/pgf/utilities\pgf
util-common.tex"
\pgfutil@everybye=\toks22
\pgfutil@tempdima=\dimen146
\pgfutil@tempdimb=\dimen147

("C:\Users\user\AppData\Local\Programs\MiKTeX 2.9\tex/generic/pgf/utilities\pgf
util-common-lists.tex"))
("C:\Users\user\AppData\Local\Programs\MiKTeX 2.9\tex/generic/pgf/utilities\pgf
util-latex.def"
\pgfutil@abb=\box51

("C:\Users\user\AppData\Local\Programs\MiKTeX 2.9\tex/latex/ms\everyshi.sty"
Package: everyshi 2001/05/15 v3.00 EveryShipout Package (MS)
))
("C:\Users\user\AppData\Local\Programs\MiKTeX 2.9\tex/generic/pgf/utilities\pgf
rcs.code.tex"
("C:\Users\user\AppData\Local\Programs\MiKTeX 2.9\tex/generic/pgf\pgf.revision.
tex")
Package: pgfrcs 2020/01/08 v3.1.5b (3.1.5b)
))
Package: pgf 2020/01/08 v3.1.5b (3.1.5b)

("C:\Users\user\AppData\Local\Programs\MiKTeX 2.9\tex/latex/pgf/basiclayer\pgfc
ore.sty"
("C:\Users\user\AppData\Local\Programs\MiKTeX 2.9\tex/latex/pgf/systemlayer\pgf
sys.sty"
("C:\Users\user\AppData\Local\Programs\MiKTeX 2.9\tex/generic/pgf/systemlayer\p
gfsys.code.tex"
Package: pgfsys 2020/01/08 v3.1.5b (3.1.5b)

("C:\Users\user\AppData\Local\Programs\MiKTeX 2.9\tex/generic/pgf/utilities\pgf
keys.code.tex"
\pgfkeys@pathtoks=\toks23
\pgfkeys@temptoks=\toks24

("C:\Users\user\AppData\Local\Programs\MiKTeX 2.9\tex/generic/pgf/utilities\pgf
keysfiltered.code.tex"
\pgfkeys@tmptoks=\toks25
))
\pgf@x=\dimen148
\pgf@y=\dimen149
\pgf@xa=\dimen150
\pgf@ya=\dimen151
\pgf@xb=\dimen152
\pgf@yb=\dimen153
\pgf@xc=\dimen154
\pgf@yc=\dimen155
\pgf@xd=\dimen156
\pgf@yd=\dimen157
\w@pgf@writea=\write4
\r@pgf@reada=\read4
\c@pgf@counta=\count374
\c@pgf@countb=\count375
\c@pgf@countc=\count376
\c@pgf@countd=\count377
\t@pgf@toka=\toks26
\t@pgf@tokb=\toks27
\t@pgf@tokc=\toks28
\pgf@sys@id@count=\count378

("C:\Users\user\AppData\Local\Programs\MiKTeX 2.9\tex/generic/pgf/systemlayer\p
gf.cfg"
File: pgf.cfg 2020/01/08 v3.1.5b (3.1.5b)
)
Driver file for pgf: pgfsys-pdftex.def

("C:\Users\user\AppData\Local\Programs\MiKTeX 2.9\tex/generic/pgf/systemlayer\p
gfsys-pdftex.def"
File: pgfsys-pdftex.def 2020/01/08 v3.1.5b (3.1.5b)

("C:\Users\user\AppData\Local\Programs\MiKTeX 2.9\tex/generic/pgf/systemlayer\p
gfsys-common-pdf.def"
File: pgfsys-common-pdf.def 2020/01/08 v3.1.5b (3.1.5b)
)))
("C:\Users\user\AppData\Local\Programs\MiKTeX 2.9\tex/generic/pgf/systemlayer\p
gfsyssoftpath.code.tex"
File: pgfsyssoftpath.code.tex 2020/01/08 v3.1.5b (3.1.5b)
\pgfsyssoftpath@smallbuffer@items=\count379
\pgfsyssoftpath@bigbuffer@items=\count380
)
("C:\Users\user\AppData\Local\Programs\MiKTeX 2.9\tex/generic/pgf/systemlayer\p
gfsysprotocol.code.tex"
File: pgfsysprotocol.code.tex 2020/01/08 v3.1.5b (3.1.5b)
))
("C:\Users\user\AppData\Local\Programs\MiKTeX 2.9\tex/generic/pgf/basiclayer\pg
fcore.code.tex"
Package: pgfcore 2020/01/08 v3.1.5b (3.1.5b)

("C:\Users\user\AppData\Local\Programs\MiKTeX 2.9\tex/generic/pgf/math\pgfmath.
code.tex"
("C:\Users\user\AppData\Local\Programs\MiKTeX 2.9\tex/generic/pgf/math\pgfmathc
alc.code.tex"
("C:\Users\user\AppData\Local\Programs\MiKTeX 2.9\tex/generic/pgf/math\pgfmathu
til.code.tex")
("C:\Users\user\AppData\Local\Programs\MiKTeX 2.9\tex/generic/pgf/math\pgfmathp
arser.code.tex"
\pgfmath@dimen=\dimen158
\pgfmath@count=\count381
\pgfmath@box=\box52
\pgfmath@toks=\toks29
\pgfmath@stack@operand=\toks30
\pgfmath@stack@operation=\toks31
)
("C:\Users\user\AppData\Local\Programs\MiKTeX 2.9\tex/generic/pgf/math\pgfmathf
unctions.code.tex"
("C:\Users\user\AppData\Local\Programs\MiKTeX 2.9\tex/generic/pgf/math\pgfmathf
unctions.basic.code.tex")
("C:\Users\user\AppData\Local\Programs\MiKTeX 2.9\tex/generic/pgf/math\pgfmathf
unctions.trigonometric.code.tex")
("C:\Users\user\AppData\Local\Programs\MiKTeX 2.9\tex/generic/pgf/math\pgfmathf
unctions.random.code.tex")
("C:\Users\user\AppData\Local\Programs\MiKTeX 2.9\tex/generic/pgf/math\pgfmathf
unctions.comparison.code.tex")
("C:\Users\user\AppData\Local\Programs\MiKTeX 2.9\tex/generic/pgf/math\pgfmathf
unctions.base.code.tex")
("C:\Users\user\AppData\Local\Programs\MiKTeX 2.9\tex/generic/pgf/math\pgfmathf
unctions.round.code.tex")
("C:\Users\user\AppData\Local\Programs\MiKTeX 2.9\tex/generic/pgf/math\pgfmathf
unctions.misc.code.tex")
("C:\Users\user\AppData\Local\Programs\MiKTeX 2.9\tex/generic/pgf/math\pgfmathf
unctions.integerarithmetics.code.tex")))
("C:\Users\user\AppData\Local\Programs\MiKTeX 2.9\tex/generic/pgf/math\pgfmathf
loat.code.tex"
\c@pgfmathroundto@lastzeros=\count382
))
("C:\Users\user\AppData\Local\Programs\MiKTeX 2.9\tex/generic/pgf/math\pgfint.c
ode.tex")
("C:\Users\user\AppData\Local\Programs\MiKTeX 2.9\tex/generic/pgf/basiclayer\pg
fcorepoints.code.tex"
File: pgfcorepoints.code.tex 2020/01/08 v3.1.5b (3.1.5b)
\pgf@picminx=\dimen159
\pgf@picmaxx=\dimen160
\pgf@picminy=\dimen161
\pgf@picmaxy=\dimen162
\pgf@pathminx=\dimen163
\pgf@pathmaxx=\dimen164
\pgf@pathminy=\dimen165
\pgf@pathmaxy=\dimen166
\pgf@xx=\dimen167
\pgf@xy=\dimen168
\pgf@yx=\dimen169
\pgf@yy=\dimen170
\pgf@zx=\dimen171
\pgf@zy=\dimen172
)
("C:\Users\user\AppData\Local\Programs\MiKTeX 2.9\tex/generic/pgf/basiclayer\pg
fcorepathconstruct.code.tex"
File: pgfcorepathconstruct.code.tex 2020/01/08 v3.1.5b (3.1.5b)
\pgf@path@lastx=\dimen173
\pgf@path@lasty=\dimen174
)
("C:\Users\user\AppData\Local\Programs\MiKTeX 2.9\tex/generic/pgf/basiclayer\pg
fcorepathusage.code.tex"
File: pgfcorepathusage.code.tex 2020/01/08 v3.1.5b (3.1.5b)
\pgf@shorten@end@additional=\dimen175
\pgf@shorten@start@additional=\dimen176
)
("C:\Users\user\AppData\Local\Programs\MiKTeX 2.9\tex/generic/pgf/basiclayer\pg
fcorescopes.code.tex"
File: pgfcorescopes.code.tex 2020/01/08 v3.1.5b (3.1.5b)
\pgfpic=\box53
\pgf@hbox=\box54
\pgf@layerbox@main=\box55
\pgf@picture@serial@count=\count383
)
("C:\Users\user\AppData\Local\Programs\MiKTeX 2.9\tex/generic/pgf/basiclayer\pg
fcoregraphicstate.code.tex"
File: pgfcoregraphicstate.code.tex 2020/01/08 v3.1.5b (3.1.5b)
\pgflinewidth=\dimen177
)
("C:\Users\user\AppData\Local\Programs\MiKTeX 2.9\tex/generic/pgf/basiclayer\pg
fcoretransformations.code.tex"
File: pgfcoretransformations.code.tex 2020/01/08 v3.1.5b (3.1.5b)
\pgf@pt@x=\dimen178
\pgf@pt@y=\dimen179
\pgf@pt@temp=\dimen180
)
("C:\Users\user\AppData\Local\Programs\MiKTeX 2.9\tex/generic/pgf/basiclayer\pg
fcorequick.code.tex"
File: pgfcorequick.code.tex 2020/01/08 v3.1.5b (3.1.5b)
)
("C:\Users\user\AppData\Local\Programs\MiKTeX 2.9\tex/generic/pgf/basiclayer\pg
fcoreobjects.code.tex"
File: pgfcoreobjects.code.tex 2020/01/08 v3.1.5b (3.1.5b)
)
("C:\Users\user\AppData\Local\Programs\MiKTeX 2.9\tex/generic/pgf/basiclayer\pg
fcorepathprocessing.code.tex"
File: pgfcorepathprocessing.code.tex 2020/01/08 v3.1.5b (3.1.5b)
)
("C:\Users\user\AppData\Local\Programs\MiKTeX 2.9\tex/generic/pgf/basiclayer\pg
fcorearrows.code.tex"
File: pgfcorearrows.code.tex 2020/01/08 v3.1.5b (3.1.5b)
\pgfarrowsep=\dimen181
)
("C:\Users\user\AppData\Local\Programs\MiKTeX 2.9\tex/generic/pgf/basiclayer\pg
fcoreshade.code.tex"
File: pgfcoreshade.code.tex 2020/01/08 v3.1.5b (3.1.5b)
\pgf@max=\dimen182
\pgf@sys@shading@range@num=\count384
\pgf@shadingcount=\count385
)
("C:\Users\user\AppData\Local\Programs\MiKTeX 2.9\tex/generic/pgf/basiclayer\pg
fcoreimage.code.tex"
File: pgfcoreimage.code.tex 2020/01/08 v3.1.5b (3.1.5b)

("C:\Users\user\AppData\Local\Programs\MiKTeX 2.9\tex/generic/pgf/basiclayer\pg
fcoreexternal.code.tex"
File: pgfcoreexternal.code.tex 2020/01/08 v3.1.5b (3.1.5b)
\pgfexternal@startupbox=\box56
))
("C:\Users\user\AppData\Local\Programs\MiKTeX 2.9\tex/generic/pgf/basiclayer\pg
fcorelayers.code.tex"
File: pgfcorelayers.code.tex 2020/01/08 v3.1.5b (3.1.5b)
)
("C:\Users\user\AppData\Local\Programs\MiKTeX 2.9\tex/generic/pgf/basiclayer\pg
fcoretransparency.code.tex"
File: pgfcoretransparency.code.tex 2020/01/08 v3.1.5b (3.1.5b)
)
("C:\Users\user\AppData\Local\Programs\MiKTeX 2.9\tex/generic/pgf/basiclayer\pg
fcorepatterns.code.tex"
File: pgfcorepatterns.code.tex 2020/01/08 v3.1.5b (3.1.5b)
)
("C:\Users\user\AppData\Local\Programs\MiKTeX 2.9\tex/generic/pgf/basiclayer\pg
fcorerdf.code.tex"
File: pgfcorerdf.code.tex 2020/01/08 v3.1.5b (3.1.5b)
)))
("C:\Users\user\AppData\Local\Programs\MiKTeX 2.9\tex/generic/pgf/modules\pgfmo
duleshapes.code.tex"
File: pgfmoduleshapes.code.tex 2020/01/08 v3.1.5b (3.1.5b)
\pgfnodeparttextbox=\box57
)
("C:\Users\user\AppData\Local\Programs\MiKTeX 2.9\tex/generic/pgf/modules\pgfmo
duleplot.code.tex"
File: pgfmoduleplot.code.tex 2020/01/08 v3.1.5b (3.1.5b)
)
("C:\Users\user\AppData\Local\Programs\MiKTeX 2.9\tex/latex/pgf/compatibility\p
gfcomp-version-0-65.sty"
Package: pgfcomp-version-0-65 2020/01/08 v3.1.5b (3.1.5b)
\pgf@nodesepstart=\dimen183
\pgf@nodesepend=\dimen184
)
("C:\Users\user\AppData\Local\Programs\MiKTeX 2.9\tex/latex/pgf/compatibility\p
gfcomp-version-1-18.sty"
Package: pgfcomp-version-1-18 2020/01/08 v3.1.5b (3.1.5b)
))
("C:\Users\user\AppData\Local\Programs\MiKTeX 2.9\tex/latex/pgf/utilities\pgffo
r.sty"
("C:\Users\user\AppData\Local\Programs\MiKTeX 2.9\tex/latex/pgf/utilities\pgfke
ys.sty"
("C:\Users\user\AppData\Local\Programs\MiKTeX 2.9\tex/generic/pgf/utilities\pgf
keys.code.tex"))
("C:\Users\user\AppData\Local\Programs\MiKTeX 2.9\tex/latex/pgf/math\pgfmath.st
y"
("C:\Users\user\AppData\Local\Programs\MiKTeX 2.9\tex/generic/pgf/math\pgfmath.
code.tex"))
("C:\Users\user\AppData\Local\Programs\MiKTeX 2.9\tex/generic/pgf/utilities\pgf
for.code.tex"
Package: pgffor 2020/01/08 v3.1.5b (3.1.5b)

("C:\Users\user\AppData\Local\Programs\MiKTeX 2.9\tex/generic/pgf/math\pgfmath.
code.tex")
\pgffor@iter=\dimen185
\pgffor@skip=\dimen186
\pgffor@stack=\toks32
\pgffor@toks=\toks33
))
("C:\Users\user\AppData\Local\Programs\MiKTeX 2.9\tex/generic/pgf/frontendlayer
/tikz\tikz.code.tex"
Package: tikz 2020/01/08 v3.1.5b (3.1.5b)

("C:\Users\user\AppData\Local\Programs\MiKTeX 2.9\tex/generic/pgf/libraries\pgf
libraryplothandlers.code.tex"
File: pgflibraryplothandlers.code.tex 2020/01/08 v3.1.5b (3.1.5b)
\pgf@plot@mark@count=\count386
\pgfplotmarksize=\dimen187
)
\tikz@lastx=\dimen188
\tikz@lasty=\dimen189
\tikz@lastxsaved=\dimen190
\tikz@lastysaved=\dimen191
\tikz@lastmovetox=\dimen192
\tikz@lastmovetoy=\dimen193
\tikzleveldistance=\dimen194
\tikzsiblingdistance=\dimen195
\tikz@figbox=\box58
\tikz@figbox@bg=\box59
\tikz@tempbox=\box60
\tikz@tempbox@bg=\box61
\tikztreelevel=\count387
\tikznumberofchildren=\count388
\tikznumberofcurrentchild=\count389
\tikz@fig@count=\count390

("C:\Users\user\AppData\Local\Programs\MiKTeX 2.9\tex/generic/pgf/modules\pgfmo
dulematrix.code.tex"
File: pgfmodulematrix.code.tex 2020/01/08 v3.1.5b (3.1.5b)
\pgfmatrixcurrentrow=\count391
\pgfmatrixcurrentcolumn=\count392
\pgf@matrix@numberofcolumns=\count393
)
\tikz@expandcount=\count394

("C:\Users\user\AppData\Local\Programs\MiKTeX 2.9\tex/generic/pgf/frontendlayer
/tikz/libraries\tikzlibrarytopaths.code.tex"
File: tikzlibrarytopaths.code.tex 2020/01/08 v3.1.5b (3.1.5b)
)))
("C:\Users\user\AppData\Local\Programs\MiKTeX 2.9\tex/generic/pgf/frontendlayer
/tikz/libraries\tikzlibrarypositioning.code.tex"
File: tikzlibrarypositioning.code.tex 2020/01/08 v3.1.5b (3.1.5b)
)
("C:\Users\user\AppData\Local\Programs\MiKTeX 2.9\tex/generic/pgf/frontendlayer
/tikz/libraries\tikzlibraryshadows.code.tex"
File: tikzlibraryshadows.code.tex 2020/01/08 v3.1.5b (3.1.5b)

("C:\Users\user\AppData\Local\Programs\MiKTeX 2.9\tex/generic/pgf/frontendlayer
/tikz/libraries\tikzlibraryfadings.code.tex"
File: tikzlibraryfadings.code.tex 2020/01/08 v3.1.5b (3.1.5b)

("C:\Users\user\AppData\Local\Programs\MiKTeX 2.9\tex/generic/pgf/libraries\pgf
libraryfadings.code.tex"
File: pgflibraryfadings.code.tex 2020/01/08 v3.1.5b (3.1.5b)
)))
("C:\Users\user\AppData\Local\Programs\MiKTeX 2.9\tex/latex/tools\calc.sty"
Package: calc 2017/05/25 v4.3 Infix arithmetic (KKT,FJ)
\calc@Acount=\count395
\calc@Bcount=\count396
\calc@Adimen=\dimen196
\calc@Bdimen=\dimen197
\calc@Askip=\skip89
\calc@Bskip=\skip90
LaTeX Info: Redefining \setlength on input line 80.
LaTeX Info: Redefining \addtolength on input line 81.
\calc@Ccount=\count397
\calc@Cskip=\skip91
)
\c@@todonotes@numberoftodonotes=\count398
)
("C:\Users\user\AppData\Local\Programs\MiKTeX 2.9\tex/latex/units\units.sty"
Package: units 1998/08/04 v0.9b Typesetting units

("C:\Users\user\AppData\Local\Programs\MiKTeX 2.9\tex/latex/units\nicefrac.sty"
Package: nicefrac 1998/08/04 v0.9b Nice fractions
\L@UnitsRaiseDisplaystyle=\skip92
\L@UnitsRaiseTextstyle=\skip93
\L@UnitsRaiseScriptstyle=\skip94
))) (template/mycommands.tex
\c@myclonecnt=\count399
) (template/typographic_settings.tex
("C:\Users\user\AppData\Local\Programs\MiKTeX 2.9\tex/latex/microtype\microtype
.sty"
Package: microtype 2019/11/18 v2.7d Micro-typographical refinements (RS)
\MT@toks=\toks34
\MT@count=\count400
LaTeX Info: Redefining \textls on input line 790.
\MT@outer@kern=\dimen198
LaTeX Info: Redefining \textmicrotypecontext on input line 1354.
\MT@listname@count=\count401

("C:\Users\user\AppData\Local\Programs\MiKTeX 2.9\tex/latex/microtype\microtype
-pdftex.def"
File: microtype-pdftex.def 2019/11/18 v2.7d Definitions specific to pdftex (RS)

LaTeX Info: Redefining \lsstyle on input line 914.
LaTeX Info: Redefining \lslig on input line 914.
\MT@outer@space=\skip95
)
Package microtype Info: Loading configuration file microtype.cfg.

("C:\Users\user\AppData\Local\Programs\MiKTeX 2.9\tex/latex/microtype\microtype
.cfg"
File: microtype.cfg 2019/11/18 v2.7d microtype main configuration file (RS)
))
("C:\Users\user\AppData\Local\Programs\MiKTeX 2.9\tex/latex/psnfss\mathpazo.sty
"
Package: mathpazo 2020/03/25 PSNFSS-v9.3 Palatino w/ Pazo Math (D.Puga, WaS) 
\symupright=\mathgroup4
)
("C:\Users\user\AppData\Local\Programs\MiKTeX 2.9\tex/latex/footmisc\footmisc.s
ty"
Package: footmisc 2011/06/06 v5.5b a miscellany of footnote facilities
\FN@temptoken=\toks35
\footnotemargin=\dimen199
\c@pp@next@reset=\count402
Package footmisc Info: Declaring symbol style bringhurst on input line 855.
Package footmisc Info: Declaring symbol style chicago on input line 863.
Package footmisc Info: Declaring symbol style wiley on input line 872.
Package footmisc Info: Declaring symbol style lamport-robust on input line 883.

Package footmisc Info: Declaring symbol style lamport* on input line 903.
Package footmisc Info: Declaring symbol style lamport*-robust on input line 924
.
)
("C:\Users\user\AppData\Local\Programs\MiKTeX 2.9\tex/latex/csquotes\csquotes.s
ty"
Package: csquotes 2019-12-06 v5.2j context-sensitive quotations (JAW)
\csq@reset=\count403
\csq@gtype=\count404
\csq@glevel=\count405
\csq@qlevel=\count406
\csq@maxlvl=\count407
\csq@tshold=\count408
\csq@ltx@everypar=\toks36

("C:\Users\user\AppData\Local\Programs\MiKTeX 2.9\tex/latex/csquotes\csquotes.d
ef"
File: csquotes.def 2019-12-06 v5.2j csquotes generic definitions (JAW)
)
Package csquotes Info: Trying to load configuration file 'csquotes.cfg'...
Package csquotes Info: ... configuration file loaded successfully.

("C:\Users\user\AppData\Local\Programs\MiKTeX 2.9\tex/latex/csquotes\csquotes.c
fg"
File: csquotes.cfg 
)
Package csquotes Info: Option 'babel' depreciated.
(csquotes)             Using 'autostyle'.
Package csquotes Info: Enabling multilingual quotes.
Package csquotes Info: Enabling strict warnings.
Package csquotes Info: Redefining alias 'english' -> 'english/american'.
Package csquotes Info: Redefining alias 'german' -> 'german/guillemets'.
))
("C:\Users\user\AppData\Local\Programs\MiKTeX 2.9\tex/latex/float\float.sty"
Package: float 2001/11/08 v1.3d Float enhancements (AL)
\c@float@type=\count409
\float@exts=\toks37
\float@box=\box62
\@float@everytoks=\toks38
\@floatcapt=\box63
)
("C:\Users\user\AppData\Local\Programs\MiKTeX 2.9\tex/latex/siunitx\siunitx.sty
" ("C:\Users\user\AppData\Local\Programs\MiKTeX 2.9\tex/latex/l3kernel\expl3.st
y"
Package: expl3 2020-03-06 L3 programming layer (loader) 

("C:\Users\user\AppData\Local\Programs\MiKTeX 2.9\tex/latex/l3backend\l3backend
-pdfmode.def"
File: l3backend-pdfmode.def 2020-03-12 L3 backend support: PDF mode
\l__kernel_color_stack_int=\count410
\l__pdf_internal_box=\box64
))
("C:\Users\user\AppData\Local\Programs\MiKTeX 2.9\tex/latex/l3packages/xparse\x
parse.sty"
Package: xparse 2020-03-06 L3 Experimental document command parser
\l__xparse_current_arg_int=\count411
\g__xparse_grabber_int=\count412
\l__xparse_m_args_int=\count413
\l__xparse_v_nesting_int=\count414
)
Package: siunitx 2020/02/25 v2.8b A comprehensive (SI) units package

("C:\Users\user\AppData\Local\Programs\MiKTeX 2.9\tex/latex/amsmath\amstext.sty
"
Package: amstext 2000/06/29 v2.01 AMS text
 ("C:\Users\user\AppData\Local\Programs\MiKTeX 2.9\tex/latex/amsmath\amsgen.sty
"
File: amsgen.sty 1999/11/30 v2.0 generic functions
\@emptytoks=\toks39
\ex@=\dimen256
)) ("C:\Users\user\AppData\Local\Programs\MiKTeX 2.9\tex/latex/tools\array.sty"
Package: array 2019/08/31 v2.4l Tabular extension package (FMi)
\col@sep=\dimen257
\ar@mcellbox=\box65
\extrarowheight=\dimen258
\NC@list=\toks40
\extratabsurround=\skip96
\backup@length=\skip97
\ar@cellbox=\box66
)
("C:\Users\user\AppData\Local\Programs\MiKTeX 2.9\tex/latex/l3packages/l3keys2e
\l3keys2e.sty"
Package: l3keys2e 2020-03-06 LaTeX2e option processing using LaTeX3 keys
)
\l__siunitx_tmp_box=\box67
\l__siunitx_tmp_dim=\dimen259
\l__siunitx_tmp_int=\count415
\l__siunitx_number_mantissa_length_int=\count416
\l__siunitx_number_uncert_length_int=\count417
\l__siunitx_round_int=\count418
\l__siunitx_process_decimal_int=\count419
\l__siunitx_process_uncertainty_int=\count420
\l__siunitx_process_fixed_int=\count421
\l__siunitx_process_integer_min_int=\count422
\l__siunitx_process_precision_int=\count423
\l__siunitx_group_min_int=\count424
\l__siunitx_angle_marker_box=\box68
\l__siunitx_angle_unit_box=\box69
\l__siunitx_angle_marker_dim=\dimen260
\l__siunitx_angle_unit_dim=\dimen261
\l__siunitx_unit_int=\count425
\l__siunitx_unit_denominator_int=\count426
\l__siunitx_unit_numerator_int=\count427
\l__siunitx_unit_prefix_int=\count428
\l__siunitx_unit_prefix_base_int=\count429
\l__siunitx_unit_prefix_gram_int=\count430
\l__siunitx_number_product_int=\count431
\c__siunitx_one_fill_skip=\skip98
\l__siunitx_table_unit_align_skip=\skip99
\l__siunitx_table_exponent_dim=\dimen262
\l__siunitx_table_integer_dim=\dimen263
\l__siunitx_table_mantissa_dim=\dimen264
\l__siunitx_table_marker_dim=\dimen265
\l__siunitx_table_result_dim=\dimen266
\l__siunitx_table_uncert_dim=\dimen267
\l__siunitx_table_fill_pre_dim=\dimen268
\l__siunitx_table_fill_post_dim=\dimen269
\l__siunitx_table_fill_mid_dim=\dimen270
\l__siunitx_table_pre_box=\box70
\l__siunitx_table_post_box=\box71
\l__siunitx_table_mantissa_box=\box72
\l__siunitx_table_result_box=\box73
\l__siunitx_table_number_align_skip=\skip100
\l__siunitx_table_text_align_skip=\skip101

("C:\Users\user\AppData\Local\Programs\MiKTeX 2.9\tex/latex/translator\translat
or.sty"
Package: translator 2019-05-31 v1.12a Easy translation of strings in LaTeX
))
("C:\Users\user\AppData\Local\Programs\MiKTeX 2.9\tex/latex/mathtools\mathtools
.sty"
Package: mathtools 2020/03/24 v1.24 mathematical typesetting tools

("C:\Users\user\AppData\Local\Programs\MiKTeX 2.9\tex/latex/mathtools\mhsetup.s
ty"
Package: mhsetup 2017/03/31 v1.3 programming setup (MH)
)
("C:\Users\user\AppData\Local\Programs\MiKTeX 2.9\tex/latex/amsmath\amsmath.sty
"
Package: amsmath 2020/01/20 v2.17e AMS math features
\@mathmargin=\skip102

For additional information on amsmath, use the `?' option.
("C:\Users\user\AppData\Local\Programs\MiKTeX 2.9\tex/latex/amsmath\amsbsy.sty"
Package: amsbsy 1999/11/29 v1.2d Bold Symbols
\pmbraise@=\dimen271
) ("C:\Users\user\AppData\Local\Programs\MiKTeX 2.9\tex/latex/amsmath\amsopn.st
y"
Package: amsopn 2016/03/08 v2.02 operator names
)
\inf@bad=\count432
LaTeX Info: Redefining \frac on input line 227.
\uproot@=\count433
\leftroot@=\count434
LaTeX Info: Redefining \overline on input line 389.
\classnum@=\count435
\DOTSCASE@=\count436
LaTeX Info: Redefining \ldots on input line 486.
LaTeX Info: Redefining \dots on input line 489.
LaTeX Info: Redefining \cdots on input line 610.
\Mathstrutbox@=\box74
\strutbox@=\box75
\big@size=\dimen272
LaTeX Font Info:    Redeclaring font encoding OML on input line 733.
LaTeX Font Info:    Redeclaring font encoding OMS on input line 734.
\macc@depth=\count437
\c@MaxMatrixCols=\count438
\dotsspace@=\muskip21
\c@parentequation=\count439
\dspbrk@lvl=\count440
\tag@help=\toks41
\row@=\count441
\column@=\count442
\maxfields@=\count443
\andhelp@=\toks42
\eqnshift@=\dimen273
\alignsep@=\dimen274
\tagshift@=\dimen275
\tagwidth@=\dimen276
\totwidth@=\dimen277
\lineht@=\dimen278
\@envbody=\toks43
\multlinegap=\skip103
\multlinetaggap=\skip104
\mathdisplay@stack=\toks44
LaTeX Info: Redefining \[ on input line 2859.
LaTeX Info: Redefining \] on input line 2860.
)
LaTeX Info: Thecontrolsequence`\('isalreadyrobust on input line 130.
LaTeX Info: Thecontrolsequence`\)'isalreadyrobust on input line 130.
LaTeX Info: Thecontrolsequence`\['isalreadyrobust on input line 130.
LaTeX Info: Thecontrolsequence`\]'isalreadyrobust on input line 130.
\g_MT_multlinerow_int=\count444
\l_MT_multwidth_dim=\dimen279
\origjot=\skip105
\l_MT_shortvdotswithinadjustabove_dim=\dimen280
\l_MT_shortvdotswithinadjustbelow_dim=\dimen281
\l_MT_above_intertext_sep=\dimen282
\l_MT_below_intertext_sep=\dimen283
\l_MT_above_shortintertext_sep=\dimen284
\l_MT_below_shortintertext_sep=\dimen285
\xmathstrut@box=\box76
\xmathstrut@dim=\dimen286
) (template/pdf_settings.tex
("C:\Users\user\AppData\Local\Programs\MiKTeX 2.9\tex/latex/hyperref\hyperref.s
ty"
Package: hyperref 2020/01/14 v7.00d Hypertext links for LaTeX

("C:\Users\user\AppData\Local\Programs\MiKTeX 2.9\tex/generic/kvdefinekeys\kvde
finekeys.sty"
Package: kvdefinekeys 2019-12-19 v1.6 Define keys (HO)
)
("C:\Users\user\AppData\Local\Programs\MiKTeX 2.9\tex/generic/pdfescape\pdfesca
pe.sty"
Package: pdfescape 2019/12/09 v1.15 Implements pdfTeX's escape features (HO)
)
("C:\Users\user\AppData\Local\Programs\MiKTeX 2.9\tex/latex/hycolor\hycolor.sty
"
Package: hycolor 2020-01-27 v1.10 Color options for hyperref/bookmark (HO)
)
("C:\Users\user\AppData\Local\Programs\MiKTeX 2.9\tex/latex/letltxmacro\letltxm
acro.sty"
Package: letltxmacro 2019/12/03 v1.6 Let assignment for LaTeX macros (HO)
)
("C:\Users\user\AppData\Local\Programs\MiKTeX 2.9\tex/latex/auxhook\auxhook.sty
"
Package: auxhook 2019-12-17 v1.6 Hooks for auxiliary files (HO)
)
\@linkdim=\dimen287
\Hy@linkcounter=\count445
\Hy@pagecounter=\count446

("C:\Users\user\AppData\Local\Programs\MiKTeX 2.9\tex/latex/hyperref\pd1enc.def
"
File: pd1enc.def 2020/01/14 v7.00d Hyperref: PDFDocEncoding definition (HO)
Now handling font encoding PD1 ...
... no UTF-8 mapping file for font encoding PD1
)
("C:\Users\user\AppData\Local\Programs\MiKTeX 2.9\tex/generic/intcalc\intcalc.s
ty"
Package: intcalc 2019/12/15 v1.3 Expandable calculations with integers (HO)
)
("C:\Users\user\AppData\Local\Programs\MiKTeX 2.9\tex/generic/etexcmds\etexcmds
.sty"
Package: etexcmds 2019/12/15 v1.7 Avoid name clashes with e-TeX commands (HO)
)
\Hy@SavedSpaceFactor=\count447
Package hyperref Info: Option `draft' set `false' on input line 4421.
Package hyperref Info: Option `unicode' set `true' on input line 4421.

("C:\Users\user\AppData\Local\Programs\MiKTeX 2.9\tex/latex/hyperref\puenc.def"
File: puenc.def 2020/01/14 v7.00d Hyperref: PDF Unicode definition (HO)
Now handling font encoding PU ...
... no UTF-8 mapping file for font encoding PU
)
Package hyperref Info: Option `bookmarks' set `true' on input line 4421.
Package hyperref Info: Option `bookmarksopen' set `false' on input line 4421.
Package hyperref Info: Option `plainpages' set `false' on input line 4421.
Package hyperref Info: Option `colorlinks' set `true' on input line 4421.
Package hyperref Info: Hyper figures OFF on input line 4547.
Package hyperref Info: Link nesting OFF on input line 4552.
Package hyperref Info: Hyper index ON on input line 4555.
Package hyperref Info: Plain pages OFF on input line 4562.
Package hyperref Info: Backreferencing OFF on input line 4567.
Package hyperref Info: Implicit mode ON; LaTeX internals redefined.
Package hyperref Info: Bookmarks ON on input line 4800.
\c@Hy@tempcnt=\count448
LaTeX Info: Redefining \url on input line 5159.
\XeTeXLinkMargin=\dimen288

("C:\Users\user\AppData\Local\Programs\MiKTeX 2.9\tex/generic/bitset\bitset.sty
"
Package: bitset 2019/12/09 v1.3 Handle bit-vector datatype (HO)

("C:\Users\user\AppData\Local\Programs\MiKTeX 2.9\tex/generic/bigintcalc\bigint
calc.sty"
Package: bigintcalc 2019/12/15 v1.5 Expandable calculations on big integers (HO
)
))
\Fld@menulength=\count449
\Field@Width=\dimen289
\Fld@charsize=\dimen290
Package hyperref Info: Hyper figures OFF on input line 6430.
Package hyperref Info: Link nesting OFF on input line 6435.
Package hyperref Info: Hyper index ON on input line 6438.
Package hyperref Info: backreferencing OFF on input line 6445.
Package hyperref Info: Link coloring ON on input line 6448.
Package hyperref Info: Link coloring with OCG OFF on input line 6455.
Package hyperref Info: PDF/A mode OFF on input line 6460.
LaTeX Info: Redefining \ref on input line 6500.
LaTeX Info: Redefining \pageref on input line 6504.
\Hy@abspage=\count450
\c@Item=\count451
\c@Hfootnote=\count452
)
Package hyperref Info: Driver: hpdftex.

("C:\Users\user\AppData\Local\Programs\MiKTeX 2.9\tex/latex/hyperref\hpdftex.de
f"
File: hpdftex.def 2020/01/14 v7.00d Hyperref driver for pdfTeX

("C:\Users\user\AppData\Local\Programs\MiKTeX 2.9\tex/latex/atveryend\atveryend
.sty"
Package: atveryend 2019-12-11 v1.11 Hooks at the very end of document (HO)
)
\Fld@listcount=\count453
\c@bookmark@seq@number=\count454

("C:\Users\user\AppData\Local\Programs\MiKTeX 2.9\tex/latex/rerunfilecheck\reru
nfilecheck.sty"
Package: rerunfilecheck 2019/12/05 v1.9 Rerun checks for auxiliary files (HO)

("C:\Users\user\AppData\Local\Programs\MiKTeX 2.9\tex/generic/uniquecounter\uni
quecounter.sty"
Package: uniquecounter 2019/12/15 v1.4 Provide unlimited unique counter (HO)
)
Package uniquecounter Info: New unique counter `rerunfilecheck' on input line 2
86.
)
\Hy@SectionHShift=\skip106
))
Package csquotes Info: Checking for multilingual support...
Package csquotes Info: ... found 'babel' package.
 (main.aux (abstract.aux) (introduction.aux) (literature.aux) (modelingtheory.a
ux) (physicalmodel.aux) (datamodel.aux) (results.aux))
\openout1 = `main.aux'.

LaTeX Font Info:    Checking defaults for OML/cmm/m/it on input line 231.
LaTeX Font Info:    ... okay on input line 231.
LaTeX Font Info:    Checking defaults for OMS/cmsy/m/n on input line 231.
LaTeX Font Info:    ... okay on input line 231.
LaTeX Font Info:    Checking defaults for OT1/cmr/m/n on input line 231.
LaTeX Font Info:    ... okay on input line 231.
LaTeX Font Info:    Checking defaults for T1/cmr/m/n on input line 231.
LaTeX Font Info:    ... okay on input line 231.
LaTeX Font Info:    Checking defaults for TS1/cmr/m/n on input line 231.
LaTeX Font Info:    ... okay on input line 231.
LaTeX Font Info:    Checking defaults for OMX/cmex/m/n on input line 231.
LaTeX Font Info:    ... okay on input line 231.
LaTeX Font Info:    Checking defaults for U/cmr/m/n on input line 231.
LaTeX Font Info:    ... okay on input line 231.
LaTeX Font Info:    Checking defaults for PD1/pdf/m/n on input line 231.
LaTeX Font Info:    ... okay on input line 231.
LaTeX Font Info:    Checking defaults for PU/pdf/m/n on input line 231.
LaTeX Font Info:    ... okay on input line 231.
LaTeX Font Info:    Trying to load font information for OT1+pplj on input line 
231.

("C:\Users\user\AppData\Local\Programs\MiKTeX 2.9\tex/latex/psnfss\ot1pplj.fd"
File: ot1pplj.fd 2004/09/06 font definitions for OT1/pplj.
)
Package scrbase Info: activating english \contentsname on input line 231.
Package scrbase Info: activating english \listfigurename on input line 231.
Package scrbase Info: activating english \listtablename on input line 231.
Package biblatex Info: Trying to load language 'english'...
Package biblatex Info: ... file 'english.lbx' found.

("C:\Users\user\AppData\Local\Programs\MiKTeX 2.9\tex/latex/biblatex/lbx\englis
h.lbx"
File: english.lbx 2019/12/01 v3.14 biblatex localization (PK/MW)
)
Package biblatex Info: Trying to load language 'ngerman'...
Package biblatex Info: ... file 'ngerman.lbx' found.

("C:\Users\user\AppData\Local\Programs\MiKTeX 2.9\tex/latex/biblatex/lbx\ngerma
n.lbx"
File: ngerman.lbx 2019/12/01 v3.14 biblatex localization (PK/MW)
Package biblatex Info: Trying to load language 'german'...
Package biblatex Info: ... file 'german.lbx' found.

("C:\Users\user\AppData\Local\Programs\MiKTeX 2.9\tex/latex/biblatex/lbx\german
.lbx"
File: german.lbx 2019/12/01 v3.14 biblatex localization (PK/MW)
)
Package biblatex Info: Trying to load language 'german'...
Package biblatex Info: ... file 'german.lbx' found.

("C:\Users\user\AppData\Local\Programs\MiKTeX 2.9\tex/latex/biblatex/lbx\german
.lbx"
File: german.lbx 2019/12/01 v3.14 biblatex localization (PK/MW)
))
Package biblatex Info: Input encoding 'utf8' detected.
Package biblatex Info: Automatic encoding selection.
(biblatex)             Assuming data encoding 'utf8'.
\openout3 = `main.bcf'.

Package biblatex Info: Trying to load bibliographic data...
Package biblatex Info: ... file 'main.bbl' found.
 (main.bbl

Package biblatex Warning: The following entry could not be found
(biblatex)                in the database:
(biblatex)                ZesarBewusstsein
(biblatex)                Please verify the spelling and rerun
(biblatex)                LaTeX afterwards.

)
Package biblatex Info: Reference section=0 on input line 231.
Package biblatex Info: Reference segment=0 on input line 231.

("C:\Users\user\AppData\Local\Programs\MiKTeX 2.9\tex/context/base/mkii\supp-pd
f.mkii"
[Loading MPS to PDF converter (version 2006.09.02).]
\scratchcounter=\count455
\scratchdimen=\dimen291
\scratchbox=\box77
\nofMPsegments=\count456
\nofMParguments=\count457
\everyMPshowfont=\toks45
\MPscratchCnt=\count458
\MPscratchDim=\dimen292
\MPnumerator=\count459
\makeMPintoPDFobject=\count460
\everyMPtoPDFconversion=\toks46
)
("C:\Users\user\AppData\Local\Programs\MiKTeX 2.9\tex/latex/epstopdf-pkg\epstop
df-base.sty"
Package: epstopdf-base 2020-01-24 v2.11 Base part for package epstopdf
Package epstopdf-base Info: Redefining graphics rule for `.eps' on input line 4
85.
)
\AtBeginShipoutBox=\box78
 ABD: EveryShipout initializing macros
LaTeX Info: Redefining \microtypecontext on input line 231.
Package microtype Info: Generating PDF output.
Package microtype Info: Character protrusion enabled (level 2),
(microtype)             factor: 900.
Package microtype Info: Using default protrusion set `alltext'.
Package microtype Info: Automatic font expansion enabled (level 2),
(microtype)             stretch: 20, shrink: 20, step: 1, non-selected.
Package microtype Info: Using default expansion set `basictext'.
LaTeX Info: Redefining \showhyphens on input line 231.
Package microtype Info: No adjustment of tracking.
Package microtype Info: No adjustment of interword spacing.
Package microtype Info: No adjustment of character kerning.

("C:\Users\user\AppData\Local\Programs\MiKTeX 2.9\tex/latex/microtype\mt-ppl.cf
g"
File: mt-ppl.cfg 2005/11/16 v1.6 microtype config. file: Palatino (RS)
)
("C:\Users\user\AppData\Local\Programs\MiKTeX 2.9\tex/latex/translator\translat
or-basic-dictionary-English.dict"
Dictionary: translator-basic-dictionary, Language: English 
)
("C:\Users\user\AppData\Local\Programs\MiKTeX 2.9\tex/latex/siunitx\siunitx-abb
reviations.cfg"
File: siunitx-abbreviations.cfg 2017/11/26 v2.7k siunitx: Abbreviated units
)
Package hyperref Info: Link coloring ON on input line 231.

("C:\Users\user\AppData\Local\Programs\MiKTeX 2.9\tex/latex/hyperref\nameref.st
y"
Package: nameref 2019/09/16 v2.46 Cross-referencing by name of section

("C:\Users\user\AppData\Local\Programs\MiKTeX 2.9\tex/latex/refcount\refcount.s
ty"
Package: refcount 2019/12/15 v3.6 Data extraction from label references (HO)
)
("C:\Users\user\AppData\Local\Programs\MiKTeX 2.9\tex/generic/gettitlestring\ge
ttitlestring.sty"
Package: gettitlestring 2019/12/15 v1.6 Cleanup title references (HO)
)
\c@section@level=\count461
)
LaTeX Info: Redefining \ref on input line 231.
LaTeX Info: Redefining \pageref on input line 231.
LaTeX Info: Redefining \nameref on input line 231.
 (main.out) (main.out)
\@outlinefile=\write5
\openout5 = `main.out'.

Class scrbook Info: loading recommended package `bookmark'.
(scrbook)           Using `bookmark' together with `hyperref' is recommended,
(scrbook)           because of handling of possible bookmark level gaps.
(scrbook)           You can avoid loading `bookmark' with KOMA-Script option
(scrbook)           `bookmarkpackage=false' before \begin{document} and
(scrbook)           you can avoid this message adding:
(scrbook)             \usepackage{bookmark}
(scrbook)           before \begin{document} on input line 231.

("C:\Users\user\AppData\Local\Programs\MiKTeX 2.9\tex/latex/bookmark\bookmark.s
ty"
Package: bookmark 2019/12/03 v1.28 PDF bookmarks (HO)

("C:\Users\user\AppData\Local\Programs\MiKTeX 2.9\tex/latex/bookmark\bkm-pdftex
.def"
File: bkm-pdftex.def 2019/12/03 v1.28 bookmark driver for pdfTeX (HO)
Package auxhook Info: \AddLineBeginMainAux comes a little late,
(auxhook)             because the main .aux file is already opened on input lin
e 168.
\BKM@id=\count462
))
LaTeX Font Info:    Trying to load font information for OT1+pplx on input line 
231.

("C:\Users\user\AppData\Local\Programs\MiKTeX 2.9\tex/latex/psnfss\ot1pplx.fd"
File: ot1pplx.fd 2004/09/06 font definitions for OT1/pplx.
)
LaTeX Font Info:    Trying to load font information for OML+zplm on input line 
231.
("C:\Users\user\AppData\Local\Programs\MiKTeX 2.9\tex/latex/psnfss\omlzplm.fd"
File: omlzplm.fd 2002/09/08 Fontinst v1.914 font definitions for OML/zplm.
)
LaTeX Font Info:    Trying to load font information for OMS+zplm on input line 
231.
("C:\Users\user\AppData\Local\Programs\MiKTeX 2.9\tex/latex/psnfss\omszplm.fd"
File: omszplm.fd 2002/09/08 Fontinst v1.914 font definitions for OMS/zplm.
)
LaTeX Font Info:    Trying to load font information for OMX+zplm on input line 
231.
("C:\Users\user\AppData\Local\Programs\MiKTeX 2.9\tex/latex/psnfss\omxzplm.fd"
File: omxzplm.fd 2002/09/08 Fontinst v1.914 font definitions for OMX/zplm.
)
LaTeX Font Info:    Trying to load font information for OT1+zplm on input line 
231.
("C:\Users\user\AppData\Local\Programs\MiKTeX 2.9\tex/latex/psnfss\ot1zplm.fd"
File: ot1zplm.fd 2002/09/08 Fontinst v1.914 font definitions for OT1/zplm.
)
Package microtype Info: Loading generic protrusion settings for font family
(microtype)             `zplm' (encoding: OT1).
(microtype)             For optimal results, create family-specific settings.
(microtype)             See the microtype manual for details.
Package microtype Info: Loading generic protrusion settings for font family
(microtype)             `cmss' (encoding: OT1).
(microtype)             For optimal results, create family-specific settings.
(microtype)             See the microtype manual for details.
Package microtype Info: Loading generic protrusion settings for font family
(microtype)             `cmtt' (encoding: OT1).
(microtype)             For optimal results, create family-specific settings.
(microtype)             See the microtype manual for details.
(colophon.tex) (template/title_Thesis_TU_Graz.tex
<figures/TU_Graz_Logo.pdf, id=30, 113.42375pt x 42.1575pt>
File: figures/TU_Graz_Logo.pdf Graphic file (type pdf)
<use figures/TU_Graz_Logo.pdf>
Package pdftex.def Info: figures/TU_Graz_Logo.pdf  used on input line 19.
(pdftex.def)             Requested size: 85.35826pt x 31.72609pt.
 [1





{C:/Users/user/AppData/Local/MiKTeX/2.9/pdftex/config/pdftex.map} <./figures/TU
_Graz_Logo.pdf>] [2])
(template/declaration_TU_Graz.tex
Package microtype Info: Character `013' is missing
(microtype)             in font `OT1/pplj/m/sc/12'.
(microtype)             Ignoring protrusion settings for this character.
 [3]) [4


]
\openout2 = `abstract.aux'.

 (abstract.tex) [5



] [6



]
Package tocbasic Info: character protrusion at toc deactivated on input line 25
3.
 (main.toc
LaTeX Font Info:    Trying to load font information for TS1+pplj on input line 
6.

("C:\Users\user\AppData\Local\Programs\MiKTeX 2.9\tex/latex/psnfss\ts1pplj.fd"
File: ts1pplj.fd 2004/09/06 font definitions for TS1/pplj.
) [7])
\tf@toc=\write6
\openout6 = `main.toc'.

 [8]
Package tocbasic Info: character protrusion at lof deactivated on input line 25
5.
 (main.lof)
\tf@lof=\write7
\openout7 = `main.lof'.

 [9


] [10


]
\openout2 = `introduction.aux'.

 (introduction.tex
chapter 1.

Class scrbook Warning: \float@addtolists detected!
(scrbook)              Implementation of \float@addtolist became
(scrbook)              deprecated in KOMA-Script v3.01 2008/11/14 and
(scrbook)              has been replaced by several more flexible
(scrbook)              features of package `tocbasic`.
(scrbook)              Since Version 3.12 support for deprecated
(scrbook)              \float@addtolist interface has been
(scrbook)              restricted to only some of the KOMA-Script
(scrbook)              features and been removed from others.
(scrbook)              Loading of package `scrhack' may help to
(scrbook)              avoid this warning, if you are using a
(scrbook)              a package that still implements the
(scrbook)              deprecated \float@addtolist interface .

[1



]
LaTeX Font Info:    Trying to load font information for TS1+cmss on input line 
20.
 ("C:\Users\user\AppData\Local\Programs\MiKTeX 2.9\tex/latex/base\ts1cmss.fd"
File: ts1cmss.fd 2019/12/16 v2.5j Standard LaTeX font definitions
)
Package microtype Info: Loading generic protrusion settings for font family
(microtype)             `cmss' (encoding: TS1).
(microtype)             For optimal results, create family-specific settings.
(microtype)             See the microtype manual for details.
) [2]
\openout2 = `literature.aux'.

 (literature.tex
chapter 2.
[3




] [4]
<figures/digital_twin_concept_battery_pack.png, id=273, 752.8125pt x 423.83344p
t>
File: figures/digital_twin_concept_battery_pack.png Graphic file (type png)
<use figures/digital_twin_concept_battery_pack.png>
Package pdftex.def Info: figures/digital_twin_concept_battery_pack.png  used on
 input line 27.
(pdftex.def)             Requested size: 199.17271pt x 112.13423pt.
 [5 <./figures/digital_twin_concept_battery_pack.png>] [6]
Underfull \hbox (badness 10000) in paragraph at lines 75--76

 []


Underfull \hbox (badness 10000) in paragraph at lines 75--76

 []

[7]
Underfull \vbox (badness 5359) has occurred while \output is active []

 [8]
[9]
<figures/comparison_DT_CPS.png, id=306, 1044.90375pt x 339.51843pt>
File: figures/comparison_DT_CPS.png Graphic file (type png)
<use figures/comparison_DT_CPS.png>
Package pdftex.def Info: figures/comparison_DT_CPS.png  used on input line 147.

(pdftex.def)             Requested size: 278.8274pt x 90.5988pt.

Underfull \vbox (badness 3471) has occurred while \output is active []

 [10]
<figures/publications_DT.png, id=314, 538.26094pt x 331.99031pt>
File: figures/publications_DT.png Graphic file (type png)
<use figures/publications_DT.png>
Package pdftex.def Info: figures/publications_DT.png  used on input line 169.
(pdftex.def)             Requested size: 278.8378pt x 171.98247pt.

[11 <./figures/comparison_DT_CPS.png>]
<figures/DT_keywords.png, id=322, 785.93625pt x 396.7322pt>
File: figures/DT_keywords.png Graphic file (type png)
<use figures/DT_keywords.png>
Package pdftex.def Info: figures/DT_keywords.png  used on input line 178.
(pdftex.def)             Requested size: 278.83543pt x 140.75313pt.
 [12 <./figures/publications_DT.png>]
File: figures/TU_Graz_Logo.pdf Graphic file (type pdf)
<use figures/TU_Graz_Logo.pdf>
Package pdftex.def Info: figures/TU_Graz_Logo.pdf  used on input line 201.
(pdftex.def)             Requested size: 39.83562pt x 14.80615pt.
)
[13 <./figures/DT_keywords.png>]
\openout2 = `modelingtheory.aux'.

 (modelingtheory.tex [14




]
chapter 3.
[15]
<figures/causal_acausal.png, id=355, 397.0032pt x 142.131pt>
File: figures/causal_acausal.png Graphic file (type png)
<use figures/causal_acausal.png>
Package pdftex.def Info: figures/causal_acausal.png  used on input line 21.
(pdftex.def)             Requested size: 199.16747pt x 71.30386pt.
 [16 <./figures/causal_acausal.png>]

LaTeX Warning: Reference `schweiger2020modeling' on page 17 undefined on input 
line 38.


LaTeX Warning: Reference `schweiger2020modeling' on page 17 undefined on input 
line 38.

[17]) [18]
\openout2 = `physicalmodel.aux'.

 (physicalmodel.tex
chapter 4.
[19




]

LaTeX Warning: Reference `model_with_labels' on page 20 undefined on input line
 6.


LaTeX Warning: Reference `schweiger2018functional' on page 20 undefined on inpu
t line 7.


LaTeX Warning: Reference `schweiger2019empirical' on page 20 undefined on input
 line 8.

[20]
Underfull \hbox (badness 10000) in paragraph at lines 28--29

 []

<figures/principle_usecase.png, id=387, 1243.64626pt x 688.5725pt>
File: figures/principle_usecase.png Graphic file (type png)
<use figures/principle_usecase.png>
Package pdftex.def Info: figures/principle_usecase.png  used on input line 39.
(pdftex.def)             Requested size: 358.50383pt x 198.49364pt.
[21 <./figures/principle_usecase.png>] [22]
<figures/model_principle.png, id=405, 543.53062pt x 394.47375pt>
File: figures/model_principle.png Graphic file (type png)
<use figures/model_principle.png>
Package pdftex.def Info: figures/model_principle.png  used on input line 79.
(pdftex.def)             Requested size: 199.17076pt x 144.55052pt.
 [23]
<figures/model_with_labels.png, id=413, 649.4664pt x 495.2904pt>
File: figures/model_with_labels.png Graphic file (type png)
<use figures/model_with_labels.png>
Package pdftex.def Info: figures/model_with_labels.png  used on input line 95.
(pdftex.def)             Requested size: 358.51575pt x 273.40814pt.
 [24 <./figures/model_principle.png>] [25 <./figures/model_with_labels.png>] [2
6] [27] [28]) [29]
\openout2 = `datamodel.aux'.


(datamodel.tex [30




]
chapter 5.
[31]
Underfull \hbox (badness 10000) in paragraph at lines 11--15

 []


Underfull \hbox (badness 10000) in paragraph at lines 11--15

 []


Underfull \hbox (badness 10000) in paragraph at lines 19--21

 []


Underfull \hbox (badness 10000) in paragraph at lines 19--21

 []

[32] [33]
Underfull \hbox (badness 10000) in paragraph at lines 38--40

 []


Underfull \hbox (badness 10000) in paragraph at lines 41--48

 []

[34]
<figures/example_svm.png, id=478, 513.41812pt x 451.6875pt>
File: figures/example_svm.png Graphic file (type png)
<use figures/example_svm.png>
Package pdftex.def Info: figures/example_svm.png  used on input line 72.
(pdftex.def)             Requested size: 199.16681pt x 175.22006pt.

Underfull \hbox (badness 10000) in paragraph at lines 85--89

 []

[35 <./figures/example_svm.png>] [36]

LaTeX Warning: Reference `sec:ComparisonofML' on page 37 undefined on input lin
e 105.


LaTeX Warning: Reference `lin_regression' on page 37 undefined on input line 12
0.


LaTeX Warning: Reference `example_svm' on page 37 undefined on input line 120.

[37]
<figures/lin_regression.png, id=500, 496.10344pt x 374.14781pt>
File: figures/lin_regression.png Graphic file (type png)
<use figures/lin_regression.png>
Package pdftex.def Info: figures/lin_regression.png  used on input line 134.
(pdftex.def)             Requested size: 199.17213pt x 150.21024pt.

Underfull \hbox (badness 10000) in paragraph at lines 156--157

 []

[38 <./figures/lin_regression.png>]
<figures/under_overfit.png, id=509, 1183.42125pt x 334.24875pt>
File: figures/under_overfit.png Graphic file (type png)
<use figures/under_overfit.png>
Package pdftex.def Info: figures/under_overfit.png  used on input line 184.
(pdftex.def)             Requested size: 199.15651pt x 56.2503pt.

Underfull \hbox (badness 10000) in paragraph at lines 194--197

 []


Underfull \vbox (badness 1052) has occurred while \output is active []

 [39]
<figures/NN_structure.png, id=519, 584.93532pt x 279.29344pt>
File: figures/NN_structure.png Graphic file (type png)
<use figures/NN_structure.png>
Package pdftex.def Info: figures/NN_structure.png  used on input line 202.
(pdftex.def)             Requested size: 239.00389pt x 114.11897pt.

[40 <./figures/under_overfit.png>]
<figures/NN_signals.png, id=526, 640.64343pt x 401.24907pt>
File: figures/NN_signals.png Graphic file (type png)
<use figures/NN_signals.png>
Package pdftex.def Info: figures/NN_signals.png  used on input line 213.
(pdftex.def)             Requested size: 238.9992pt x 149.69046pt.


LaTeX Warning: Reference `fig:mnist' on page 41 undefined on input line 215.

[41 <./figures/NN_structure.png>]
<figures/NN_mnist.png, id=533, 899.61093pt x 116.68594pt>
File: figures/NN_mnist.png Graphic file (type png)
<use figures/NN_mnist.png>
Package pdftex.def Info: figures/NN_mnist.png  used on input line 224.
(pdftex.def)             Requested size: 238.99974pt x 30.99995pt.
<figures/NN_numbers.png, id=534, 761.09344pt x 507.39563pt>
File: figures/NN_numbers.png Graphic file (type png)
<use figures/NN_numbers.png>
Package pdftex.def Info: figures/NN_numbers.png  used on input line 232.
(pdftex.def)             Requested size: 239.00246pt x 159.33496pt.
) [42 <./figures/NN_signals.png> <./figures/NN_mnist.png>] [43 <./figures/NN_nu
mbers.png>]
\openout2 = `results.aux'.

 (results.tex [44




]
chapter 6.
[45]
Underfull \hbox (badness 10000) in paragraph at lines 10--11

 []

<figures/temp_vol1_2.png, id=555, 502.87875pt x 276.28218pt>
File: figures/temp_vol1_2.png Graphic file (type png)
<use figures/temp_vol1_2.png>
Package pdftex.def Info: figures/temp_vol1_2.png  used on input line 17.
(pdftex.def)             Requested size: 199.16821pt x 109.42325pt.
<figures/pv_used_grid.png, id=556, 684.30656pt x 356.0803pt>
File: figures/pv_used_grid.png Graphic file (type png)
<use figures/pv_used_grid.png>
Package pdftex.def Info: figures/pv_used_grid.png  used on input line 29.
(pdftex.def)             Requested size: 199.16429pt x 103.63554pt.
[46 <./figures/temp_vol1_2.png>]
<figures/bath_consumption.png, id=562, 662.9568pt x 397.485pt>
File: figures/bath_consumption.png Graphic file (type png)
<use figures/bath_consumption.png>
Package pdftex.def Info: figures/bath_consumption.png  used on input line 40.
(pdftex.def)             Requested size: 199.1617pt x 119.41017pt.
)
Underfull \vbox (badness 10000) has occurred while \output is active []

 [47 <./figures/pv_used_grid.png> <./figures/bath_consumption.png>] [48] [49



] [50]
chapter without number

Overfull \hbox (3.47514pt too wide) in paragraph at lines 285--285
\OT1/pplj/m/n/12 (-20) szyk-lus". In: \OT1/pplj/m/it/12 (-20) ZWF Zeitschrift f
[]ur wirtschaftlichen Fab-rik-be-trieb \OT1/pplj/m/n/12 (-20) 114.6, pp. 345{
 []


Overfull \hbox (32.4264pt too wide) in paragraph at lines 285--285
\OT1/pplj/m/n/12 (-20) fu-ture NASA and US Air Force ve-hi-cles". In: \OT1/pplj
/m/it/12 (-20) 53rd AIAA/ASME/ASCE/AHS/ASC
 []


Overfull \hbox (9.92487pt too wide) in paragraph at lines 285--285
\OT1/pplj/m/it/12 (-20) struc-tures, struc-tural dy-nam-ics and ma-te-ri-als co
n-fer-ence 20th AIAA/ASME/AHS
 []

[51


]

Package biblatex Warning: No driver for entry type ''.
(biblatex)                Using fallback driver on input line 283.

[52]
Package atveryend Info: Empty hook `BeforeClearDocument' on input line 292.
Package atveryend Info: Empty hook `AfterLastShipout' on input line 292.
 (main.aux (abstract.aux) (introduction.aux) (literature.aux)
(modelingtheory.aux) (physicalmodel.aux) (datamodel.aux) (results.aux))
Package atveryend Info: Executing hook `AtVeryEndDocument' on input line 292.
Package atveryend Info: Executing hook `AtEndAfterFileList' on input line 292.
Package rerunfilecheck Info: File `main.out' has not changed.
(rerunfilecheck)             Checksum: D41D8CD98F00B204E9800998ECF8427E;0.


LaTeX Warning: There were undefined references.

Package logreq Info: Writing requests to 'main.run.xml'.
\openout1 = `main.run.xml'.

 ) 
Here is how much of TeX's memory you used:
 39793 strings out of 480934
 800298 string characters out of 2900385
 1602114 words of memory out of 3000000
 54392 multiletter control sequences out of 15000+200000
 589663 words of font info for 377 fonts, out of 3000000 for 9000
 1145 hyphenation exceptions out of 8191
 76i,20n,92p,10154b,2540s stack positions out of 5000i,500n,10000p,200000b,50000s
{C:/Users/user/AppData/Local/Programs/MiKTeX 2.9/fonts/enc/dvips/base/8r.enc}
 <C:\Users\user\AppData\Local\MiKTeX\2.9\fonts/pk/ljfour/jknappen/ec/dpi600\tcs
x1728.pk><C:/Users/user/AppData/Local/Programs/MiKTeX 2.9/fonts/type1/public/am
sfonts/cm/cmr10.pfb><C:/Users/user/AppData/Local/Programs/MiKTeX 2.9/fonts/type
1/public/amsfonts/cm/cmss12.pfb><C:/Users/user/AppData/Local/Programs/MiKTeX 2.
9/fonts/type1/public/amsfonts/cm/cmssbx10.pfb><C:/Users/user/AppData/Local/Prog
rams/MiKTeX 2.9/fonts/type1/public/amsfonts/cm/cmsy10.pfb><C:/Users/user/AppDat
a/Local/Programs/MiKTeX 2.9/fonts/type1/public/amsfonts/cm/cmtt12.pfb><C:/Users
/user/AppData/Local/Programs/MiKTeX 2.9/fonts/type1/public/mathpazo/fplmr.pfb><
C:/Users/user/AppData/Local/Programs/MiKTeX 2.9/fonts/type1/public/fpl/fplrc8a.
pfb><C:/Users/user/AppData/Local/Programs/MiKTeX 2.9/fonts/type1/public/fpl/fpl
rij8a.pfb><C:/Users/user/AppData/Local/Programs/MiKTeX 2.9/fonts/type1/urw/pala
tino/uplb8a.pfb><C:/Users/user/AppData/Local/Programs/MiKTeX 2.9/fonts/type1/ur
w/palatino/uplr8a.pfb><C:/Users/user/AppData/Local/Programs/MiKTeX 2.9/fonts/ty
pe1/urw/palatino/uplri8a.pfb>
Output written on main.pdf (62 pages, 1491623 bytes).
PDF statistics:
 879 PDF objects out of 1000 (max. 8388607)
 190 named destinations out of 1000 (max. 500000)
 51364 words of extra memory for PDF output out of 51595 (max. 10000000)

